<?xml version="1.0" encoding="UTF-8"?>
<!-- Generated by org.testng.reporters.JUnitReportReporter -->
<testsuite ignored="0" hostname="DESKTOP-3L50JK5" failures="0" tests="1" name="com.reconnect.testcases.ToVerifyLoginPage" time="55.137" errors="0" timestamp="18 Jun 2024 08:28:56 GMT" skipped="0">
  <testcase classname="com.reconnect.testcases.ToVerifyLoginPage" name="testSldcLogins" time="55.137"/>
</testsuite> <!-- com.reconnect.testcases.ToVerifyLoginPage -->
