<?xml version="1.0" encoding="UTF-8"?>
<!-- Generated by org.testng.reporters.JUnitReportReporter -->
<testsuite ignored="0" hostname="DESKTOP-3L50JK5" failures="0" tests="1" name="com.orangehrm.testcases.ToVerifyLoginPage" time="4.507" errors="0" timestamp="23 Dec 2024 07:17:21 GMT" skipped="0">
  <testcase classname="com.orangehrm.testcases.ToVerifyLoginPage" name="testSldcLogins" time="4.507"/>
</testsuite> <!-- com.orangehrm.testcases.ToVerifyLoginPage -->
